<?xml version="1.0" encoding="UTF-8"?>
<!-- Generated by org.testng.reporters.JUnitReportReporter -->
<testsuite skipped="0" hostname="LAPTOP-MCMMF3G2" name="testNG.TestNGannotations" tests="4" failures="0" timestamp="2020-03-12T15:09:51 IST" time="0.015" errors="0">
  <testcase name="testfour" time="0.000" classname="testNG.TestNGannotations"/>
  <testcase name="testThree" time="0.000" classname="testNG.TestNGannotations"/>
  <testcase name="testTwo" time="0.015" classname="testNG.TestNGannotations"/>
  <testcase name="testone" time="0.000" classname="testNG.TestNGannotations"/>
</testsuite> <!-- testNG.TestNGannotations -->
