<?xml version="1.0" encoding="UTF-8"?>
<!-- Generated by org.testng.reporters.JUnitReportReporter -->
<testsuite skipped="0" hostname="LAPTOP-MCMMF3G2" name="objectrepository.TestSeleniumChrome" tests="1" failures="0" timestamp="2020-01-24T23:19:45 IST" time="4.506" errors="0">
  <testcase name="Testchrome" time="4.506" classname="objectrepository.TestSeleniumChrome"/>
</testsuite> <!-- objectrepository.TestSeleniumChrome -->
