<?xml version="1.0" encoding="UTF-8"?>
<!-- Generated by org.testng.reporters.JUnitReportReporter -->
<testsuite skipped="0" hostname="LAPTOP-MCMMF3G2" name="testNG.Dataprovider" tests="5" failures="0" timestamp="2020-03-12T15:07:58 IST" time="0.000" errors="0">
  <testcase name="test" time="0.000" classname="testNG.Dataprovider"/>
  <testcase name="test1" time="0.000" classname="testNG.Dataprovider"/>
  <testcase name="test1" time="0.000" classname="testNG.Dataprovider"/>
  <testcase name="test" time="0.000" classname="testNG.Dataprovider"/>
  <testcase name="test1" time="0.000" classname="testNG.Dataprovider"/>
</testsuite> <!-- testNG.Dataprovider -->
