<?xml version="1.0" encoding="UTF-8"?>
<!-- Generated by org.testng.reporters.JUnitReportReporter -->
<testsuite skipped="0" hostname="LAPTOP-MCMMF3G2" name="pageobjectmodel.TestExecution" tests="1" failures="0" timestamp="2020-01-04T15:35:26 IST" time="8.792" errors="0">
  <testcase name="verifytextsearch" time="8.792" classname="pageobjectmodel.TestExecution"/>
</testsuite> <!-- pageobjectmodel.TestExecution -->
