<?xml version="1.0" encoding="UTF-8"?>
<!-- Generated by org.testng.reporters.JUnitReportReporter -->
<testsuite skipped="0" hostname="LAPTOP-MCMMF3G2" name="practiceselenium3.Bootstrapdropdown" tests="1" failures="0" timestamp="2020-01-10T12:24:10 IST" time="18.451" errors="0">
  <testcase name="dropdwob" time="18.451" classname="practiceselenium3.Bootstrapdropdown"/>
</testsuite> <!-- practiceselenium3.Bootstrapdropdown -->
