<?xml version="1.0" encoding="UTF-8"?>
<!-- Generated by org.testng.reporters.JUnitReportReporter -->
<testsuite skipped="0" hostname="LAPTOP-MCMMF3G2" name="practiceSelenium2.Handlingwindow4" tests="1" failures="0" timestamp="2020-01-07T11:33:53 IST" time="78.030" errors="0">
  <testcase name="windowhandle" time="78.030" classname="practiceSelenium2.Handlingwindow4"/>
</testsuite> <!-- practiceSelenium2.Handlingwindow4 -->
