<?xml version="1.0" encoding="UTF-8"?>
<!-- Generated by org.testng.reporters.JUnitReportReporter -->
<testsuite skipped="0" hostname="LAPTOP-MCMMF3G2" name="facebookPOM.FBLoginExecution" tests="1" failures="0" timestamp="2020-03-13T18:01:36 IST" time="12.460" errors="0">
  <testcase name="login" time="12.460" classname="facebookPOM.FBLoginExecution"/>
</testsuite> <!-- facebookPOM.FBLoginExecution -->
