<?xml version="1.0" encoding="UTF-8"?>
<!-- Generated by org.testng.reporters.JUnitReportReporter -->
<testsuite skipped="0" hostname="LAPTOP-MCMMF3G2" name="practiceselenium3.Alert_Movement_windows" tests="1" failures="0" timestamp="2020-01-18T11:05:29 IST" time="60.075" errors="0">
  <testcase name="windowhandle" time="60.075" classname="practiceselenium3.Alert_Movement_windows"/>
</testsuite> <!-- practiceselenium3.Alert_Movement_windows -->
