<?xml version="1.0" encoding="UTF-8"?>
<!-- Generated by org.testng.reporters.JUnitReportReporter -->
<testsuite skipped="0" hostname="LAPTOP-MCMMF3G2" name="pompractice.FBLoginExecution" tests="1" failures="0" timestamp="2020-01-20T21:23:25 IST" time="12.047" errors="0">
  <testcase name="login" time="12.047" classname="pompractice.FBLoginExecution"/>
</testsuite> <!-- pompractice.FBLoginExecution -->
