<?xml version="1.0" encoding="UTF-8"?>
<!-- Generated by org.testng.reporters.JUnitReportReporter -->
<testsuite skipped="0" hostname="LAPTOP-MCMMF3G2" name="practiceSelenium2.MoveToelement" tests="3" failures="0" timestamp="2020-01-04T14:25:20 IST" time="12.436" errors="0">
  <testcase name="setup" time="12.056" classname="practiceSelenium2.MoveToelement"/>
  <testcase name="checkproperties" time="0.196" classname="practiceSelenium2.MoveToelement"/>
  <testcase name="Login" time="0.184" classname="practiceSelenium2.MoveToelement"/>
</testsuite> <!-- practiceSelenium2.MoveToelement -->
