<?xml version="1.0" encoding="UTF-8"?>
<!-- Generated by org.testng.reporters.JUnitReportReporter -->
<testsuite skipped="0" hostname="LAPTOP-MCMMF3G2" name="practiceSelenium2.Passingparameter" tests="1" failures="0" timestamp="2020-01-02T13:32:47 IST" time="6.549" errors="0">
  <testcase name="clciklinks" time="6.549" classname="practiceSelenium2.Passingparameter"/>
</testsuite> <!-- practiceSelenium2.Passingparameter -->
