<?xml version="1.0" encoding="UTF-8"?>
<!-- Generated by org.testng.reporters.JUnitReportReporter -->
<testsuite skipped="0" hostname="LAPTOP-MCMMF3G2" name="practiceselenium3.Handlingalert" tests="1" failures="0" timestamp="2020-01-09T14:20:05 IST" time="0.201" errors="0">
  <testcase name="hanlealert" time="0.201" classname="practiceselenium3.Handlingalert"/>
</testsuite> <!-- practiceselenium3.Handlingalert -->
