<?xml version="1.0" encoding="UTF-8"?>
<!-- Generated by org.testng.reporters.JUnitReportReporter -->
<testsuite skipped="0" hostname="LAPTOP-MCMMF3G2" name="practiceselenium3.Handlingmultiwindows" tests="1" failures="0" timestamp="2020-01-21T14:52:09 IST" time="43.348" errors="0">
  <testcase name="handlewindow" time="43.348" classname="practiceselenium3.Handlingmultiwindows"/>
</testsuite> <!-- practiceselenium3.Handlingmultiwindows -->
