<?xml version="1.0" encoding="UTF-8"?>
<!-- Generated by org.testng.reporters.JUnitReportReporter -->
<testsuite skipped="0" hostname="LAPTOP-MCMMF3G2" name="testNG.Barcode" tests="1" failures="0" timestamp="2020-03-06T21:58:22 IST" time="8.473" errors="0">
  <testcase name="barcodeTest" time="8.473" classname="testNG.Barcode"/>
</testsuite> <!-- testNG.Barcode -->
