<?xml version="1.0" encoding="UTF-8"?>
<!-- Generated by org.testng.reporters.JUnitReportReporter -->
<testsuite skipped="0" hostname="LAPTOP-MCMMF3G2" name="testNG.TestNGannotations" tests="4" failures="0" timestamp="2020-04-24T23:50:28 IST" time="0.011" errors="0">
  <testcase name="testfour" time="0.005" classname="testNG.TestNGannotations"/>
  <testcase name="testThree" time="0.001" classname="testNG.TestNGannotations"/>
  <testcase name="testTwo" time="0.001" classname="testNG.TestNGannotations"/>
  <testcase name="testone" time="0.004" classname="testNG.TestNGannotations"/>
</testsuite> <!-- testNG.TestNGannotations -->
