<?xml version="1.0" encoding="UTF-8"?>
<!-- Generated by org.testng.reporters.JUnitReportReporter -->
<testsuite skipped="0" hostname="LAPTOP-MCMMF3G2" name="screenshot.ScreenshotTentNGreport" tests="1" failures="0" timestamp="2020-02-06T14:51:23 IST" time="3.294" errors="0">
  <testcase name="screencapture" time="3.294" classname="screenshot.ScreenshotTentNGreport"/>
</testsuite> <!-- screenshot.ScreenshotTentNGreport -->
