<?xml version="1.0" encoding="UTF-8"?>
<!-- Generated by org.testng.reporters.JUnitReportReporter -->
<testsuite skipped="0" hostname="LAPTOP-MCMMF3G2" name="testNG.TestNGbasic" tests="4" failures="0" timestamp="2019-12-30T15:06:41 IST" time="0.001" errors="0">
  <testcase name="testfour" time="0.001" classname="testNG.TestNGbasic"/>
  <testcase name="testThree" time="0.000" classname="testNG.TestNGbasic"/>
  <testcase name="testTwo" time="0.000" classname="testNG.TestNGbasic"/>
  <testcase name="testone" time="0.000" classname="testNG.TestNGbasic"/>
</testsuite> <!-- testNG.TestNGbasic -->
