<?xml version="1.0" encoding="UTF-8"?>
<!-- Generated by org.testng.reporters.JUnitReportReporter -->
<testsuite skipped="0" hostname="LAPTOP-MCMMF3G2" name="practiceselenium3.Handlingframes" tests="3" failures="0" timestamp="2020-01-10T15:20:07 IST" time="54.065" errors="0">
  <testcase name="dragable" time="16.130" classname="practiceselenium3.Handlingframes"/>
  <testcase name="mousemovement1" time="16.181" classname="practiceselenium3.Handlingframes"/>
  <testcase name="mousemovement2" time="21.754" classname="practiceselenium3.Handlingframes"/>
</testsuite> <!-- practiceselenium3.Handlingframes -->
