<?xml version="1.0" encoding="UTF-8"?>
<!-- Generated by org.testng.reporters.JUnitReportReporter -->
<testsuite skipped="0" hostname="LAPTOP-MCMMF3G2" name="practiceSelenium2.Isselected" tests="1" failures="0" timestamp="2020-01-04T13:28:24 IST" time="39.437" errors="0">
  <testcase name="selectcountry" time="39.437" classname="practiceSelenium2.Isselected"/>
</testsuite> <!-- practiceSelenium2.Isselected -->
