<?xml version="1.0" encoding="UTF-8"?>
<!-- Generated by org.testng.reporters.JUnitReportReporter -->
<testsuite skipped="0" hostname="LAPTOP-MCMMF3G2" name="practiceselenium3.Handlingwindows" tests="1" failures="0" timestamp="2020-01-09T15:56:44 IST" time="18.990" errors="0">
  <testcase name="lanuach" time="18.990" classname="practiceselenium3.Handlingwindows"/>
</testsuite> <!-- practiceselenium3.Handlingwindows -->
