<?xml version="1.0" encoding="UTF-8"?>
<!-- Generated by org.testng.reporters.JUnitReportReporter -->
<testsuite skipped="0" hostname="LAPTOP-MCMMF3G2" name="practiceselenium3.Listofcountries" tests="1" failures="0" timestamp="2020-01-10T13:31:23 IST" time="50.878" errors="0">
  <testcase name="listcountry" time="50.878" classname="practiceselenium3.Listofcountries"/>
</testsuite> <!-- practiceselenium3.Listofcountries -->
