<?xml version="1.0" encoding="UTF-8"?>
<!-- Generated by org.testng.reporters.JUnitReportReporter -->
<testsuite skipped="0" hostname="LAPTOP-MCMMF3G2" name="practiceSelenium2.Handlingwindow2" tests="1" failures="0" timestamp="2020-01-06T14:50:12 IST" time="31.895" errors="0">
  <testcase name="launch" time="31.895" classname="practiceSelenium2.Handlingwindow2"/>
</testsuite> <!-- practiceSelenium2.Handlingwindow2 -->
