<?xml version="1.0" encoding="UTF-8"?>
<!-- Generated by org.testng.reporters.JUnitReportReporter -->
<testsuite skipped="0" hostname="LAPTOP-MCMMF3G2" name="objectrepository.TestSeleniumblog" tests="1" failures="0" timestamp="2020-01-24T22:51:50 IST" time="0.009" errors="0">
  <testcase name="testconfig" time="0.009" classname="objectrepository.TestSeleniumblog"/>
</testsuite> <!-- objectrepository.TestSeleniumblog -->
