<?xml version="1.0" encoding="UTF-8"?>
<!-- Generated by org.testng.reporters.JUnitReportReporter -->
<testsuite skipped="0" hostname="LAPTOP-MCMMF3G2" name="mypackages.Windowhandling1" tests="1" failures="0" timestamp="2020-01-06T13:26:43 IST" time="38.039" errors="0">
  <testcase name="handlewindow" time="38.039" classname="mypackages.Windowhandling1"/>
</testsuite> <!-- mypackages.Windowhandling1 -->
