<?xml version="1.0" encoding="UTF-8"?>
<!-- Generated by org.testng.reporters.JUnitReportReporter -->
<testsuite skipped="0" hostname="LAPTOP-MCMMF3G2" name="practiceselenium3.Window_aler_movement" tests="1" failures="0" timestamp="2020-01-16T16:22:11 IST" time="65.484" errors="0">
  <testcase name="windowhandler" time="65.484" classname="practiceselenium3.Window_aler_movement"/>
</testsuite> <!-- practiceselenium3.Window_aler_movement -->
