<?xml version="1.0" encoding="UTF-8"?>
<!-- Generated by org.testng.reporters.JUnitReportReporter -->
<testsuite skipped="0" hostname="LAPTOP-MCMMF3G2" name="mypackages.Handlingwindow1" tests="1" failures="0" timestamp="2020-02-07T16:02:40 IST" time="39.611" errors="0">
  <testcase name="handlewindow" time="39.611" classname="mypackages.Handlingwindow1"/>
</testsuite> <!-- mypackages.Handlingwindow1 -->
