<?xml version="1.0" encoding="UTF-8"?>
<!-- Generated by org.testng.reporters.JUnitReportReporter -->
<testsuite skipped="0" hostname="LAPTOP-MCMMF3G2" name="practiceSelenium2.TestNG1" tests="1" failures="0" timestamp="2019-12-30T15:45:12 IST" time="25.901" errors="0">
  <testcase name="login" time="25.901" classname="practiceSelenium2.TestNG1"/>
</testsuite> <!-- practiceSelenium2.TestNG1 -->
