<?xml version="1.0" encoding="UTF-8"?>
<!-- Generated by org.testng.reporters.JUnitReportReporter -->
<testsuite skipped="0" hostname="LAPTOP-MCMMF3G2" name="modulardrivenframework.TestcaseExecution" tests="1" failures="0" timestamp="2020-01-03T14:48:45 IST" time="12.473" errors="0">
  <testcase name="verifylogin" time="12.473" classname="modulardrivenframework.TestcaseExecution"/>
</testsuite> <!-- modulardrivenframework.TestcaseExecution -->
